<?xml version="1.0" encoding="UTF-8"?>
<!-- Generated by org.testng.reporters.JUnitReportReporter -->
<testsuite hostname="HP" failures="0" tests="1" name="BPack.Five" time="0.002" errors="0" timestamp="2024-03-15T20:11:20 IST" skipped="0">
  <testcase classname="BPack.Five" name="testFive" time="0.002"/>
  <system-out/>
</testsuite> <!-- BPack.Five -->
