<?xml version="1.0" encoding="UTF-8"?>
<!-- Generated by org.testng.reporters.JUnitReportReporter -->
<testsuite hostname="HP" failures="0" tests="3" name="CPack.Parameter" time="0.010" errors="0" timestamp="2024-03-18T12:55:10 IST" skipped="0">
  <testcase classname="CPack.Parameter" name="StudentName" time="0.008"/>
  <system-out/>
  <testcase classname="CPack.Parameter" name="SchoolName" time="0.001"/>
  <system-out/>
  <testcase classname="CPack.Parameter" name="RollNo" time="0.001"/>
  <system-out/>
</testsuite> <!-- CPack.Parameter -->
