<?xml version="1.0" encoding="UTF-8"?>
<!-- Generated by org.testng.reporters.JUnitReportReporter -->
<testsuite hostname="HP" failures="0" tests="1" name="APack.One" time="0.001" errors="0" timestamp="2024-03-15T20:11:20 IST" skipped="0">
  <testcase classname="APack.One" name="testOne" time="0.001"/>
  <system-out/>
</testsuite> <!-- APack.One -->
