<?xml version="1.0" encoding="UTF-8"?>
<!-- Generated by org.testng.reporters.JUnitReportReporter -->
<testsuite hostname="HP" failures="0" tests="1" name="BPack.Four" time="0.006" errors="0" timestamp="2024-03-15T20:11:20 IST" skipped="0">
  <testcase classname="BPack.Four" name="testFour" time="0.006"/>
  <system-out/>
</testsuite> <!-- BPack.Four -->
