<?xml version="1.0" encoding="UTF-8"?>
<!-- Generated by org.testng.reporters.JUnitReportReporter -->
<testsuite hostname="HP" failures="0" tests="1" name="TutorialNinja.EndToEndCode" time="13.924" errors="0" timestamp="2024-03-19T13:12:34 IST" skipped="0">
  <testcase classname="TutorialNinja.EndToEndCode" name="TestOne" time="13.924"/>
</testsuite> <!-- TutorialNinja.EndToEndCode -->
