<?xml version="1.0" encoding="UTF-8"?>
<!-- Generated by org.testng.reporters.JUnitReportReporter -->
<testsuite hostname="HP" failures="0" tests="1" name="APack.Three" time="0.001" errors="0" timestamp="2024-03-14T13:49:04 IST" skipped="0">
  <testcase classname="APack.Three" name="testThree" time="0.001"/>
  <system-out/>
</testsuite> <!-- APack.Three -->
