<?xml version="1.0" encoding="UTF-8"?>
<!-- Generated by org.testng.reporters.JUnitReportReporter -->
<testsuite hostname="HP" failures="0" tests="1" name="CPack.Ten" time="0.007" errors="0" timestamp="2024-03-16T00:11:52 IST" skipped="0">
  <testcase classname="CPack.Ten" name="testTen" time="0.007"/>
  <system-out/>
</testsuite> <!-- CPack.Ten -->
