<?xml version="1.0" encoding="UTF-8"?>
<!-- Generated by org.testng.reporters.JUnitReportReporter -->
<testsuite hostname="HP" failures="0" tests="1" name="CPack.Six" time="0.002" errors="0" timestamp="2024-03-15T12:58:19 IST" skipped="0">
  <testcase classname="CPack.Six" name="testSix" time="0.002"/>
  <system-out/>
</testsuite> <!-- CPack.Six -->
